Determining if the pthread_create exist failed with the following output:
Change Dir: /home/roberto/Documents/Unige/2°year/Experimental-Robotics-Laboratory/ros1/build/CMakeFiles/CMakeTmp

Run Build Command:"/usr/bin/make" "cmTC_59eab/fast"
/usr/bin/make -f CMakeFiles/cmTC_59eab.dir/build.make CMakeFiles/cmTC_59eab.dir/build
make[1]: Entering directory '/home/roberto/Documents/Unige/2°year/Experimental-Robotics-Laboratory/ros1/build/CMakeFiles/CMakeTmp'
Building C object CMakeFiles/cmTC_59eab.dir/CheckSymbolExists.c.o
/usr/bin/cc     -o CMakeFiles/cmTC_59eab.dir/CheckSymbolExists.c.o   -c /home/roberto/Documents/Unige/2°year/Experimental-Robotics-Laboratory/ros1/build/CMakeFiles/CMakeTmp/CheckSymbolExists.c
Linking C executable cmTC_59eab
/usr/bin/cmake -E cmake_link_script CMakeFiles/cmTC_59eab.dir/link.txt --verbose=1
/usr/bin/cc       CMakeFiles/cmTC_59eab.dir/CheckSymbolExists.c.o  -o cmTC_59eab -rdynamic 
CMakeFiles/cmTC_59eab.dir/CheckSymbolExists.c.o: In function `main':
CheckSymbolExists.c:(.text+0x16): undefined reference to `pthread_create'
collect2: error: ld returned 1 exit status
CMakeFiles/cmTC_59eab.dir/build.make:97: recipe for target 'cmTC_59eab' failed
make[1]: *** [cmTC_59eab] Error 1
make[1]: Leaving directory '/home/roberto/Documents/Unige/2°year/Experimental-Robotics-Laboratory/ros1/build/CMakeFiles/CMakeTmp'
Makefile:126: recipe for target 'cmTC_59eab/fast' failed
make: *** [cmTC_59eab/fast] Error 2

File /home/roberto/Documents/Unige/2°year/Experimental-Robotics-Laboratory/ros1/build/CMakeFiles/CMakeTmp/CheckSymbolExists.c:
/* */
#include <pthread.h>

int main(int argc, char** argv)
{
  (void)argv;
#ifndef pthread_create
  return ((int*)(&pthread_create))[argc];
#else
  (void)argc;
  return 0;
#endif
}

Determining if the function pthread_create exists in the pthreads failed with the following output:
Change Dir: /home/roberto/Documents/Unige/2°year/Experimental-Robotics-Laboratory/ros1/build/CMakeFiles/CMakeTmp

Run Build Command:"/usr/bin/make" "cmTC_b0934/fast"
/usr/bin/make -f CMakeFiles/cmTC_b0934.dir/build.make CMakeFiles/cmTC_b0934.dir/build
make[1]: Entering directory '/home/roberto/Documents/Unige/2°year/Experimental-Robotics-Laboratory/ros1/build/CMakeFiles/CMakeTmp'
Building C object CMakeFiles/cmTC_b0934.dir/CheckFunctionExists.c.o
/usr/bin/cc    -DCHECK_FUNCTION_EXISTS=pthread_create   -o CMakeFiles/cmTC_b0934.dir/CheckFunctionExists.c.o   -c /usr/share/cmake-3.5/Modules/CheckFunctionExists.c
Linking C executable cmTC_b0934
/usr/bin/cmake -E cmake_link_script CMakeFiles/cmTC_b0934.dir/link.txt --verbose=1
/usr/bin/cc   -DCHECK_FUNCTION_EXISTS=pthread_create    CMakeFiles/cmTC_b0934.dir/CheckFunctionExists.c.o  -o cmTC_b0934 -rdynamic -lpthreads 
/usr/bin/ld: cannot find -lpthreads
collect2: error: ld returned 1 exit status
CMakeFiles/cmTC_b0934.dir/build.make:97: recipe for target 'cmTC_b0934' failed
make[1]: *** [cmTC_b0934] Error 1
make[1]: Leaving directory '/home/roberto/Documents/Unige/2°year/Experimental-Robotics-Laboratory/ros1/build/CMakeFiles/CMakeTmp'
Makefile:126: recipe for target 'cmTC_b0934/fast' failed
make: *** [cmTC_b0934/fast] Error 2


